<?xml version="1.0" encoding="UTF-8"?>
<testsuite name="Concurrent Access Tests" tests="2" skipped="0" failures="0" errors="0" timestamp="2025-07-31T21:14:10" hostname="MACM-MNVDQRXR92" time="0.002">
  <properties/>
  <testcase name="Should handle multiple users joining same room concurrently" classname="com.scrumpoker.service.RoomServiceTest$ConcurrentAccessTests" time="0.001"/>
  <testcase name="Should handle concurrent voting safely" classname="com.scrumpoker.service.RoomServiceTest$ConcurrentAccessTests" time="0.001"/>
  <system-out><![CDATA[2025-07-31T23:14:10.529+02:00  INFO 81355 --- [scrum-poker-backend] [    Test worker] com.scrumpoker.service.RoomService       : ]]>&#x1f4cb;<![CDATA[ New user joined with name 'Alice' in room 'concurrent-room' (User ID: d5b58dfe-095c-432a-a277-0c21e8f4e9b9)
2025-07-31T23:14:10.530+02:00  INFO 81355 --- [scrum-poker-backend] [    Test worker] com.scrumpoker.service.RoomService       : ]]>&#x1f4cb;<![CDATA[ New user joined with name 'Bob' in room 'concurrent-room' (User ID: 2f07c2a2-d351-42ad-88e7-3aa921959664)
2025-07-31T23:14:10.530+02:00  INFO 81355 --- [scrum-poker-backend] [    Test worker] com.scrumpoker.service.RoomService       : ]]>&#x1f4cb;<![CDATA[ New user joined with name 'Charlie' in room 'concurrent-room' (User ID: c04c3175-1f36-4438-a4c2-0b4d074a162d)
2025-07-31T23:14:10.530+02:00  INFO 81355 --- [scrum-poker-backend] [    Test worker] com.scrumpoker.service.RoomService       : ]]>&#x1f4cb;<![CDATA[ New user joined with name 'Diana' in room 'concurrent-room' (User ID: d78aee3e-5e6a-4250-9565-a9dde965cca0)
2025-07-31T23:14:10.530+02:00  INFO 81355 --- [scrum-poker-backend] [    Test worker] com.scrumpoker.service.RoomService       : ]]>&#x1f4cb;<![CDATA[ New user joined with name 'Alice' in room 'vote-room' (User ID: 1fa6b443-5dbf-4d93-b32b-2204bec24268)
2025-07-31T23:14:10.530+02:00  INFO 81355 --- [scrum-poker-backend] [    Test worker] com.scrumpoker.service.RoomService       : ]]>&#x1f4cb;<![CDATA[ New user joined with name 'Bob' in room 'vote-room' (User ID: 92e5c5aa-ed54-4630-b579-b3720a915c40)
2025-07-31T23:14:10.530+02:00  INFO 81355 --- [scrum-poker-backend] [    Test worker] com.scrumpoker.service.RoomService       : ]]>&#x1f4cb;<![CDATA[ New user joined with name 'Charlie' in room 'vote-room' (User ID: c57e2317-ef0f-453d-a475-47c940f3a87d)
2025-07-31T23:14:10.530+02:00  INFO 81355 --- [scrum-poker-backend] [    Test worker] com.scrumpoker.service.RoomService       : ]]>&#x1f3af;<![CDATA[ User 'Alice' selected card '1' in room 'vote-room' (User ID: 1fa6b443-5dbf-4d93-b32b-2204bec24268)
2025-07-31T23:14:10.530+02:00  INFO 81355 --- [scrum-poker-backend] [    Test worker] com.scrumpoker.service.RoomService       : ]]>&#x1f3af;<![CDATA[ User 'Bob' selected card '2' in room 'vote-room' (User ID: 92e5c5aa-ed54-4630-b579-b3720a915c40)
2025-07-31T23:14:10.530+02:00  INFO 81355 --- [scrum-poker-backend] [    Test worker] com.scrumpoker.service.RoomService       : ]]>&#x1f3af;<![CDATA[ User 'Charlie' selected card '3' in room 'vote-room' (User ID: c57e2317-ef0f-453d-a475-47c940f3a87d)
]]></system-out>
  <system-err><![CDATA[]]></system-err>
</testsuite>
