<?xml version="1.0" encoding="UTF-8"?>
<testsuite name="User Leaving Tests" tests="4" skipped="0" failures="0" errors="0" timestamp="2025-07-31T20:29:37" hostname="MACM-MNVDQRXR92" time="0.002">
  <properties/>
  <testcase name="Should remove user from room when leaving" classname="com.scrumpoker.service.RoomServiceTest$UserLeavingTests" time="0.0"/>
  <testcase name="Should handle leaving non-existent user gracefully" classname="com.scrumpoker.service.RoomServiceTest$UserLeavingTests" time="0.001"/>
  <testcase name="Should clean up empty room when last user leaves" classname="com.scrumpoker.service.RoomServiceTest$UserLeavingTests" time="0.0"/>
  <testcase name="Should keep room when other users remain" classname="com.scrumpoker.service.RoomServiceTest$UserLeavingTests" time="0.001"/>
  <system-out><![CDATA[2025-07-31T22:29:37.864+02:00  INFO 64935 --- [scrum-poker-backend] [    Test worker] com.scrumpoker.service.RoomService       : ]]>&#x1f4cb;<![CDATA[ New user joined with name 'Alice' in room 'test-room' (User ID: 5788ed22-3bcf-4aa4-ad10-f00f350dc162)
2025-07-31T22:29:37.864+02:00  INFO 64935 --- [scrum-poker-backend] [    Test worker] com.scrumpoker.service.RoomService       : ]]>&#x1f44b;<![CDATA[ User 'Alice' left room 'test-room' (User ID: 5788ed22-3bcf-4aa4-ad10-f00f350dc162)
2025-07-31T22:29:37.864+02:00  INFO 64935 --- [scrum-poker-backend] [    Test worker] com.scrumpoker.service.RoomService       : ]]>&#x1f9f9;<![CDATA[ Cleaning up empty room 'test-room'
2025-07-31T22:29:37.865+02:00  WARN 64935 --- [scrum-poker-backend] [    Test worker] com.scrumpoker.service.RoomService       : ⚠️ Attempted to remove non-existent user with ID: non-existent-user
2025-07-31T22:29:37.865+02:00  INFO 64935 --- [scrum-poker-backend] [    Test worker] com.scrumpoker.service.RoomService       : ]]>&#x1f4cb;<![CDATA[ New user joined with name 'Alice' in room 'test-room' (User ID: 9b1579da-d4fa-482d-97a1-b702e6c2adf5)
2025-07-31T22:29:37.865+02:00  INFO 64935 --- [scrum-poker-backend] [    Test worker] com.scrumpoker.service.RoomService       : ]]>&#x1f44b;<![CDATA[ User 'Alice' left room 'test-room' (User ID: 9b1579da-d4fa-482d-97a1-b702e6c2adf5)
2025-07-31T22:29:37.865+02:00  INFO 64935 --- [scrum-poker-backend] [    Test worker] com.scrumpoker.service.RoomService       : ]]>&#x1f9f9;<![CDATA[ Cleaning up empty room 'test-room'
2025-07-31T22:29:37.866+02:00  INFO 64935 --- [scrum-poker-backend] [    Test worker] com.scrumpoker.service.RoomService       : ]]>&#x1f4cb;<![CDATA[ New user joined with name 'Alice' in room 'test-room' (User ID: d87aa4df-6dfe-499a-948f-5ffd7a494ae3)
2025-07-31T22:29:37.866+02:00  INFO 64935 --- [scrum-poker-backend] [    Test worker] com.scrumpoker.service.RoomService       : ]]>&#x1f4cb;<![CDATA[ New user joined with name 'Bob' in room 'test-room' (User ID: f50b3ded-8376-4004-9102-f882c00ad154)
2025-07-31T22:29:37.866+02:00  INFO 64935 --- [scrum-poker-backend] [    Test worker] com.scrumpoker.service.RoomService       : ]]>&#x1f44b;<![CDATA[ User 'Alice' left room 'test-room' (User ID: d87aa4df-6dfe-499a-948f-5ffd7a494ae3)
]]></system-out>
  <system-err><![CDATA[]]></system-err>
</testsuite>
