<?xml version="1.0" encoding="UTF-8"?>
<testsuite name="com.scrumpoker.service.RoomServiceLoggingTest" tests="8" skipped="0" failures="0" errors="0" timestamp="2025-07-31T20:20:20" hostname="MACM-MNVDQRXR92" time="0.414">
  <properties/>
  <testcase name="should log user joining room()" classname="com.scrumpoker.service.RoomServiceLoggingTest" time="0.4"/>
  <testcase name="should log complete user journey()" classname="com.scrumpoker.service.RoomServiceLoggingTest" time="0.002"/>
  <testcase name="should log user leaving room()" classname="com.scrumpoker.service.RoomServiceLoggingTest" time="0.002"/>
  <testcase name="should log delete estimates action with user()" classname="com.scrumpoker.service.RoomServiceLoggingTest" time="0.001"/>
  <testcase name="should log user vote selection()" classname="com.scrumpoker.service.RoomServiceLoggingTest" time="0.001"/>
  <testcase name="should log show estimates action without user()" classname="com.scrumpoker.service.RoomServiceLoggingTest" time="0.002"/>
  <testcase name="should log show estimates action with user()" classname="com.scrumpoker.service.RoomServiceLoggingTest" time="0.001"/>
  <testcase name="should log room cleanup when last user leaves()" classname="com.scrumpoker.service.RoomServiceLoggingTest" time="0.001"/>
  <system-out><![CDATA[22:20:20.136 [Test worker] INFO org.springframework.test.context.support.AnnotationConfigContextLoaderUtils -- Could not detect default configuration classes for test class [com.scrumpoker.service.RoomServiceLoggingTest]: RoomServiceLoggingTest does not declare any static, non-private, non-final, nested classes annotated with @Configuration.
22:20:20.177 [Test worker] INFO org.springframework.boot.test.context.SpringBootTestContextBootstrapper -- Found @SpringBootConfiguration com.scrumpoker.ScrumPokerApplication for test class com.scrumpoker.service.RoomServiceLoggingTest

  .   ____          _            __ _ _
 /\\ / ___'_ __ _ _(_)_ __  __ _ \ \ \ \
( ( )\___ | '_ | '_| | '_ \/ _` | \ \ \ \
 \\/  ___)| |_)| | | | | || (_| |  ) ) ) )
  '  |____| .__|_| |_|_| |_\__, | / / / /
 =========|_|==============|___/=/_/_/_/
 :: Spring Boot ::                (v3.2.0)

2025-07-31T22:20:20.315+02:00  INFO 61222 --- [scrum-poker-backend] [    Test worker] c.s.service.RoomServiceLoggingTest       : Starting RoomServiceLoggingTest using Java 17.0.16 with PID 61222 (started by igor.kovryzhkin in /Users/igor.kovryzhkin/Documents/scrum_poker/backend)
2025-07-31T22:20:20.315+02:00 DEBUG 61222 --- [scrum-poker-backend] [    Test worker] c.s.service.RoomServiceLoggingTest       : Running with Spring Boot v3.2.0, Spring v6.1.1
2025-07-31T22:20:20.316+02:00  INFO 61222 --- [scrum-poker-backend] [    Test worker] c.s.service.RoomServiceLoggingTest       : No active profile set, falling back to 1 default profile: "default"
2025-07-31T22:20:20.762+02:00  INFO 61222 --- [scrum-poker-backend] [    Test worker] c.s.service.RoomServiceLoggingTest       : Started RoomServiceLoggingTest in 0.541 seconds (process running for 0.999)

============================================================
]]>&#x1f680;<![CDATA[ SCRUM POKER BACKEND IS READY!
============================================================
✅ Server is running at: http://localhost:8080
✅ WebSocket endpoint: ws://localhost:8080/ws
✅ Health check: http://localhost:8080/health
✅ Heartbeat: http://localhost:8080/heartbeat
============================================================
]]>&#x1f4ca;<![CDATA[ System Information:
   - Java Version: 17.0.16
   - JVM Vendor: Homebrew
   - OS: Mac OS X 15.5
   - Available Processors: 11
============================================================
]]>&#x1f4be;<![CDATA[ Memory Information:
   - Used Memory: 29 MB
   - Free Memory: 21 MB
   - Total Memory: 50 MB
   - Max Memory: 512 MB
============================================================
]]>&#x1f517;<![CDATA[ Ready to accept WebSocket connections!
   Frontend can now connect to ws://localhost:8080/ws
============================================================

[HEARTBEAT #1] 2025-07-31 22:20:20 - Active rooms: 0, Total users: 0
==================================================
[SYSTEM STATUS] 2025-07-31 22:20:20
Memory: 29 MB / 50 MB
Threads: 5
==================================================
2025-07-31T22:20:21.164+02:00  INFO 61222 --- [scrum-poker-backend] [    Test worker] com.scrumpoker.service.RoomService       : ]]>&#x1f4cb;<![CDATA[ New user joined with name 'Alice' in room 'test-room' (User ID: d9947eb6-d5e0-4dd3-b324-42765df419d7)
2025-07-31T22:20:21.171+02:00  INFO 61222 --- [scrum-poker-backend] [    Test worker] com.scrumpoker.service.RoomService       : ]]>&#x1f4cb;<![CDATA[ New user joined with name 'Alice' in room 'journey-test' (User ID: e47ba5e2-fdf5-4b78-8995-31dd6c0c7ef0)
2025-07-31T22:20:21.171+02:00  INFO 61222 --- [scrum-poker-backend] [    Test worker] com.scrumpoker.service.RoomService       : ]]>&#x1f4cb;<![CDATA[ New user joined with name 'Bob' in room 'journey-test' (User ID: 265211d0-284a-4bfb-b171-8642c48d9dd3)
2025-07-31T22:20:21.171+02:00  INFO 61222 --- [scrum-poker-backend] [    Test worker] com.scrumpoker.service.RoomService       : ]]>&#x1f3af;<![CDATA[ User 'Alice' selected card '3' in room 'journey-test' (User ID: e47ba5e2-fdf5-4b78-8995-31dd6c0c7ef0)
2025-07-31T22:20:21.171+02:00  INFO 61222 --- [scrum-poker-backend] [    Test worker] com.scrumpoker.service.RoomService       : ]]>&#x1f3af;<![CDATA[ User 'Bob' selected card '5' in room 'journey-test' (User ID: 265211d0-284a-4bfb-b171-8642c48d9dd3)
2025-07-31T22:20:21.171+02:00  INFO 61222 --- [scrum-poker-backend] [    Test worker] com.scrumpoker.service.RoomService       : ]]>&#x1f441;<![CDATA[️ User 'Alice' pressed Show estimates in room 'journey-test' (User ID: e47ba5e2-fdf5-4b78-8995-31dd6c0c7ef0)
2025-07-31T22:20:21.171+02:00  INFO 61222 --- [scrum-poker-backend] [    Test worker] com.scrumpoker.service.RoomService       : ]]>&#x1f5d1;<![CDATA[️ User 'Bob' pressed Delete Estimations in room 'journey-test' (User ID: 265211d0-284a-4bfb-b171-8642c48d9dd3)
2025-07-31T22:20:21.171+02:00  INFO 61222 --- [scrum-poker-backend] [    Test worker] com.scrumpoker.service.RoomService       : ]]>&#x1f44b;<![CDATA[ User 'Bob' left room 'journey-test' (User ID: 265211d0-284a-4bfb-b171-8642c48d9dd3)
2025-07-31T22:20:21.172+02:00  INFO 61222 --- [scrum-poker-backend] [    Test worker] com.scrumpoker.service.RoomService       : ]]>&#x1f44b;<![CDATA[ User 'Alice' left room 'journey-test' (User ID: e47ba5e2-fdf5-4b78-8995-31dd6c0c7ef0)
2025-07-31T22:20:21.172+02:00  INFO 61222 --- [scrum-poker-backend] [    Test worker] com.scrumpoker.service.RoomService       : ]]>&#x1f9f9;<![CDATA[ Cleaning up empty room 'journey-test'
2025-07-31T22:20:21.174+02:00  INFO 61222 --- [scrum-poker-backend] [    Test worker] com.scrumpoker.service.RoomService       : ]]>&#x1f4cb;<![CDATA[ New user joined with name 'Frank' in room 'test-room' (User ID: 2e5f27db-fd02-4146-be90-9061f30e0c9b)
2025-07-31T22:20:21.174+02:00  INFO 61222 --- [scrum-poker-backend] [    Test worker] com.scrumpoker.service.RoomService       : ]]>&#x1f4cb;<![CDATA[ New user joined with name 'Grace' in room 'test-room' (User ID: b904058c-cf80-45ef-9aa6-a25a23a2a7e0)
2025-07-31T22:20:21.174+02:00  INFO 61222 --- [scrum-poker-backend] [    Test worker] com.scrumpoker.service.RoomService       : ]]>&#x1f44b;<![CDATA[ User 'Frank' left room 'test-room' (User ID: 2e5f27db-fd02-4146-be90-9061f30e0c9b)
2025-07-31T22:20:21.176+02:00  INFO 61222 --- [scrum-poker-backend] [    Test worker] com.scrumpoker.service.RoomService       : ]]>&#x1f4cb;<![CDATA[ New user joined with name 'Eve' in room 'test-room' (User ID: 255f89b3-2988-49d8-9778-23ce6b0eeab2)
2025-07-31T22:20:21.176+02:00  INFO 61222 --- [scrum-poker-backend] [    Test worker] com.scrumpoker.service.RoomService       : ]]>&#x1f5d1;<![CDATA[️ User 'Eve' pressed Delete Estimations in room 'test-room' (User ID: 255f89b3-2988-49d8-9778-23ce6b0eeab2)
2025-07-31T22:20:21.177+02:00  INFO 61222 --- [scrum-poker-backend] [    Test worker] com.scrumpoker.service.RoomService       : ]]>&#x1f4cb;<![CDATA[ New user joined with name 'Bob' in room 'test-room' (User ID: 87b7aaf5-6fb3-45bc-bc8c-9ed987996b3e)
2025-07-31T22:20:21.178+02:00  INFO 61222 --- [scrum-poker-backend] [    Test worker] com.scrumpoker.service.RoomService       : ]]>&#x1f3af;<![CDATA[ User 'Bob' selected card '5' in room 'test-room' (User ID: 87b7aaf5-6fb3-45bc-bc8c-9ed987996b3e)
2025-07-31T22:20:21.179+02:00  INFO 61222 --- [scrum-poker-backend] [    Test worker] com.scrumpoker.service.RoomService       : ]]>&#x1f4cb;<![CDATA[ New user joined with name 'Dave' in room 'test-room' (User ID: 707d596f-2a12-4052-b676-3f38b59fdf53)
2025-07-31T22:20:21.179+02:00  INFO 61222 --- [scrum-poker-backend] [    Test worker] com.scrumpoker.service.RoomService       : ]]>&#x1f441;<![CDATA[️ Show estimates triggered in room 'test-room'
2025-07-31T22:20:21.181+02:00  INFO 61222 --- [scrum-poker-backend] [    Test worker] com.scrumpoker.service.RoomService       : ]]>&#x1f4cb;<![CDATA[ New user joined with name 'Charlie' in room 'test-room' (User ID: c8b7902d-29b4-460c-893b-51e47b177882)
2025-07-31T22:20:21.181+02:00  INFO 61222 --- [scrum-poker-backend] [    Test worker] com.scrumpoker.service.RoomService       : ]]>&#x1f441;<![CDATA[️ User 'Charlie' pressed Show estimates in room 'test-room' (User ID: c8b7902d-29b4-460c-893b-51e47b177882)
2025-07-31T22:20:21.182+02:00  INFO 61222 --- [scrum-poker-backend] [    Test worker] com.scrumpoker.service.RoomService       : ]]>&#x1f4cb;<![CDATA[ New user joined with name 'Grace' in room 'test-room' (User ID: 6908fa86-bfb7-4680-a52f-c0c1068b7b48)
2025-07-31T22:20:21.182+02:00  INFO 61222 --- [scrum-poker-backend] [    Test worker] com.scrumpoker.service.RoomService       : ]]>&#x1f44b;<![CDATA[ User 'Grace' left room 'test-room' (User ID: 6908fa86-bfb7-4680-a52f-c0c1068b7b48)
2025-07-31T22:20:21.183+02:00  INFO 61222 --- [scrum-poker-backend] [    Test worker] com.scrumpoker.service.RoomService       : ]]>&#x1f9f9;<![CDATA[ Cleaning up empty room 'test-room'
]]></system-out>
  <system-err><![CDATA[]]></system-err>
</testsuite>
