<?xml version="1.0" encoding="UTF-8"?>
<testsuite name="User Leaving Tests" tests="4" skipped="0" failures="0" errors="0" timestamp="2025-07-31T21:14:10" hostname="MACM-MNVDQRXR92" time="0.003">
  <properties/>
  <testcase name="Should remove user from room when leaving" classname="com.scrumpoker.service.RoomServiceTest$UserLeavingTests" time="0.0"/>
  <testcase name="Should handle leaving non-existent user gracefully" classname="com.scrumpoker.service.RoomServiceTest$UserLeavingTests" time="0.0"/>
  <testcase name="Should clean up empty room when last user leaves" classname="com.scrumpoker.service.RoomServiceTest$UserLeavingTests" time="0.0"/>
  <testcase name="Should keep room when other users remain" classname="com.scrumpoker.service.RoomServiceTest$UserLeavingTests" time="0.001"/>
  <system-out><![CDATA[2025-07-31T23:14:10.541+02:00  INFO 81355 --- [scrum-poker-backend] [    Test worker] com.scrumpoker.service.RoomService       : ]]>&#x1f4cb;<![CDATA[ New user joined with name 'Alice' in room 'test-room' (User ID: 88ef7c79-ec6a-4f9b-a061-99677408c8c4)
2025-07-31T23:14:10.541+02:00  INFO 81355 --- [scrum-poker-backend] [    Test worker] com.scrumpoker.service.RoomService       : ]]>&#x1f44b;<![CDATA[ User 'Alice' left room 'test-room' (User ID: 88ef7c79-ec6a-4f9b-a061-99677408c8c4)
2025-07-31T23:14:10.541+02:00  INFO 81355 --- [scrum-poker-backend] [    Test worker] com.scrumpoker.service.RoomService       : ]]>&#x1f9f9;<![CDATA[ Cleaning up empty room 'test-room'
2025-07-31T23:14:10.542+02:00  WARN 81355 --- [scrum-poker-backend] [    Test worker] com.scrumpoker.service.RoomService       : ⚠️ Attempted to remove non-existent user with ID: non-existent-user
2025-07-31T23:14:10.542+02:00  INFO 81355 --- [scrum-poker-backend] [    Test worker] com.scrumpoker.service.RoomService       : ]]>&#x1f4cb;<![CDATA[ New user joined with name 'Alice' in room 'test-room' (User ID: 22175912-e73c-40be-9dfb-8ad8185f6ed8)
2025-07-31T23:14:10.542+02:00  INFO 81355 --- [scrum-poker-backend] [    Test worker] com.scrumpoker.service.RoomService       : ]]>&#x1f44b;<![CDATA[ User 'Alice' left room 'test-room' (User ID: 22175912-e73c-40be-9dfb-8ad8185f6ed8)
2025-07-31T23:14:10.543+02:00  INFO 81355 --- [scrum-poker-backend] [    Test worker] com.scrumpoker.service.RoomService       : ]]>&#x1f9f9;<![CDATA[ Cleaning up empty room 'test-room'
2025-07-31T23:14:10.543+02:00  INFO 81355 --- [scrum-poker-backend] [    Test worker] com.scrumpoker.service.RoomService       : ]]>&#x1f4cb;<![CDATA[ New user joined with name 'Alice' in room 'test-room' (User ID: 942c6cb5-26eb-4283-95da-7ed1770b2ceb)
2025-07-31T23:14:10.543+02:00  INFO 81355 --- [scrum-poker-backend] [    Test worker] com.scrumpoker.service.RoomService       : ]]>&#x1f4cb;<![CDATA[ New user joined with name 'Bob' in room 'test-room' (User ID: dcf23933-7569-4148-bde1-d32f2d590bd0)
2025-07-31T23:14:10.543+02:00  INFO 81355 --- [scrum-poker-backend] [    Test worker] com.scrumpoker.service.RoomService       : ]]>&#x1f44b;<![CDATA[ User 'Alice' left room 'test-room' (User ID: 942c6cb5-26eb-4283-95da-7ed1770b2ceb)
]]></system-out>
  <system-err><![CDATA[]]></system-err>
</testsuite>
