<?xml version="1.0" encoding="UTF-8"?>
<testsuite name="Edge Case Tests" tests="3" skipped="0" failures="0" errors="0" timestamp="2025-07-31T21:14:09" hostname="MACM-MNVDQRXR92" time="0.543">
  <properties/>
  <testcase name="Should handle concurrent requests to heartbeat endpoint" classname="com.scrumpoker.controller.HealthControllerTest$EdgeCaseTests" time="0.515"/>
  <testcase name="Should return valid JSON even under load" classname="com.scrumpoker.controller.HealthControllerTest$EdgeCaseTests" time="0.019"/>
  <testcase name="Should handle concurrent requests to health endpoint" classname="com.scrumpoker.controller.HealthControllerTest$EdgeCaseTests" time="0.005"/>
  <system-out><![CDATA[23:14:09.115 [Test worker] INFO org.springframework.test.context.support.AnnotationConfigContextLoaderUtils -- Could not detect default configuration classes for test class [com.scrumpoker.controller.HealthControllerTest$EdgeCaseTests]: EdgeCaseTests does not declare any static, non-private, non-final, nested classes annotated with @Configuration.
23:14:09.119 [Test worker] INFO org.springframework.boot.test.context.SpringBootTestContextBootstrapper -- Found @SpringBootConfiguration com.scrumpoker.ScrumPokerApplication for test class com.scrumpoker.controller.HealthControllerTest$EdgeCaseTests

  .   ____          _            __ _ _
 /\\ / ___'_ __ _ _(_)_ __  __ _ \ \ \ \
( ( )\___ | '_ | '_| | '_ \/ _` | \ \ \ \
 \\/  ___)| |_)| | | | | || (_| |  ) ) ) )
  '  |____| .__|_| |_|_| |_\__, | / / / /
 =========|_|==============|___/=/_/_/_/
 :: Spring Boot ::                (v3.2.0)

2025-07-31T23:14:09.270+02:00  INFO 81355 --- [scrum-poker-backend] [    Test worker] c.s.controller.HealthControllerTest      : Starting HealthControllerTest using Java 17.0.16 with PID 81355 (started by igor.kovryzhkin in /Users/igor.kovryzhkin/Documents/scrum_poker/backend)
2025-07-31T23:14:09.270+02:00 DEBUG 81355 --- [scrum-poker-backend] [    Test worker] c.s.controller.HealthControllerTest      : Running with Spring Boot v3.2.0, Spring v6.1.1
2025-07-31T23:14:09.270+02:00  INFO 81355 --- [scrum-poker-backend] [    Test worker] c.s.controller.HealthControllerTest      : No active profile set, falling back to 1 default profile: "default"
2025-07-31T23:14:09.559+02:00  INFO 81355 --- [scrum-poker-backend] [    Test worker] o.s.b.t.m.w.SpringBootMockServletContext : Initializing Spring TestDispatcherServlet ''
2025-07-31T23:14:09.559+02:00  INFO 81355 --- [scrum-poker-backend] [    Test worker] o.s.t.web.servlet.TestDispatcherServlet  : Initializing Servlet ''
2025-07-31T23:14:09.560+02:00  INFO 81355 --- [scrum-poker-backend] [    Test worker] o.s.t.web.servlet.TestDispatcherServlet  : Completed initialization in 1 ms
2025-07-31T23:14:09.567+02:00  INFO 81355 --- [scrum-poker-backend] [    Test worker] c.s.controller.HealthControllerTest      : Started HealthControllerTest in 0.432 seconds (process running for 0.848)
]]></system-out>
  <system-err><![CDATA[]]></system-err>
</testsuite>
