<?xml version="1.0" encoding="UTF-8"?>
<testsuite name="Room State Tests" tests="3" skipped="0" failures="0" errors="0" timestamp="2025-07-31T21:14:10" hostname="MACM-MNVDQRXR92" time="0.001">
  <properties/>
  <testcase name="Should return correct room state with hidden estimates" classname="com.scrumpoker.service.RoomServiceTest$RoomStateTests" time="0.0"/>
  <testcase name="Should return null for non-existent room" classname="com.scrumpoker.service.RoomServiceTest$RoomStateTests" time="0.0"/>
  <testcase name="Should return correct room state with visible estimates" classname="com.scrumpoker.service.RoomServiceTest$RoomStateTests" time="0.0"/>
  <system-out><![CDATA[2025-07-31T23:14:10.540+02:00  INFO 81355 --- [scrum-poker-backend] [    Test worker] com.scrumpoker.service.RoomService       : ]]>&#x1f4cb;<![CDATA[ New user joined with name 'Alice' in room 'test-room' (User ID: 3f85c330-53ce-492e-9e2c-203a93a11004)
2025-07-31T23:14:10.540+02:00  INFO 81355 --- [scrum-poker-backend] [    Test worker] com.scrumpoker.service.RoomService       : ]]>&#x1f3af;<![CDATA[ User 'Alice' selected card '5' in room 'test-room' (User ID: 3f85c330-53ce-492e-9e2c-203a93a11004)
2025-07-31T23:14:10.540+02:00  INFO 81355 --- [scrum-poker-backend] [    Test worker] com.scrumpoker.service.RoomService       : ]]>&#x1f4cb;<![CDATA[ New user joined with name 'Alice' in room 'test-room' (User ID: 47bbd464-e3fe-4b95-87cb-f16cf92d6277)
2025-07-31T23:14:10.540+02:00  INFO 81355 --- [scrum-poker-backend] [    Test worker] com.scrumpoker.service.RoomService       : ]]>&#x1f3af;<![CDATA[ User 'Alice' selected card '5' in room 'test-room' (User ID: 47bbd464-e3fe-4b95-87cb-f16cf92d6277)
2025-07-31T23:14:10.540+02:00  INFO 81355 --- [scrum-poker-backend] [    Test worker] com.scrumpoker.service.RoomService       : ]]>&#x1f441;<![CDATA[️ Show estimates triggered in room 'test-room'
]]></system-out>
  <system-err><![CDATA[]]></system-err>
</testsuite>
