<?xml version="1.0" encoding="UTF-8"?>
<testsuite name="Voting Tests" tests="4" skipped="0" failures="0" errors="0" timestamp="2025-07-31T21:14:10" hostname="MACM-MNVDQRXR92" time="0.001">
  <properties/>
  <testcase name="Should record user vote correctly" classname="com.scrumpoker.service.RoomServiceTest$VotingTests" time="0.0"/>
  <testcase name="Should accept any string as estimate" classname="com.scrumpoker.service.RoomServiceTest$VotingTests" time="0.0"/>
  <testcase name="Should allow user to change vote" classname="com.scrumpoker.service.RoomServiceTest$VotingTests" time="0.0"/>
  <testcase name="Should handle voting by non-existent user gracefully" classname="com.scrumpoker.service.RoomServiceTest$VotingTests" time="0.0"/>
  <system-out><![CDATA[2025-07-31T23:14:10.546+02:00  INFO 81355 --- [scrum-poker-backend] [    Test worker] com.scrumpoker.service.RoomService       : ]]>&#x1f4cb;<![CDATA[ New user joined with name 'Alice' in room 'test-room' (User ID: 3dc69f74-6d74-4e6e-b88a-78eabc5a41cd)
2025-07-31T23:14:10.546+02:00  INFO 81355 --- [scrum-poker-backend] [    Test worker] com.scrumpoker.service.RoomService       : ]]>&#x1f3af;<![CDATA[ User 'Alice' selected card '5' in room 'test-room' (User ID: 3dc69f74-6d74-4e6e-b88a-78eabc5a41cd)
2025-07-31T23:14:10.546+02:00  INFO 81355 --- [scrum-poker-backend] [    Test worker] com.scrumpoker.service.RoomService       : ]]>&#x1f4cb;<![CDATA[ New user joined with name 'Alice' in room 'test-room' (User ID: 79b0460c-1bd2-403e-ac01-6b64f41bfb56)
2025-07-31T23:14:10.546+02:00  INFO 81355 --- [scrum-poker-backend] [    Test worker] com.scrumpoker.service.RoomService       : ]]>&#x1f3af;<![CDATA[ User 'Alice' selected card '?' in room 'test-room' (User ID: 79b0460c-1bd2-403e-ac01-6b64f41bfb56)
2025-07-31T23:14:10.547+02:00  INFO 81355 --- [scrum-poker-backend] [    Test worker] com.scrumpoker.service.RoomService       : ]]>&#x1f4cb;<![CDATA[ New user joined with name 'Alice' in room 'test-room' (User ID: f5491b4d-2446-4580-b9e2-c907d65d9a6c)
2025-07-31T23:14:10.547+02:00  INFO 81355 --- [scrum-poker-backend] [    Test worker] com.scrumpoker.service.RoomService       : ]]>&#x1f3af;<![CDATA[ User 'Alice' selected card '3' in room 'test-room' (User ID: f5491b4d-2446-4580-b9e2-c907d65d9a6c)
2025-07-31T23:14:10.547+02:00  INFO 81355 --- [scrum-poker-backend] [    Test worker] com.scrumpoker.service.RoomService       : ]]>&#x1f3af;<![CDATA[ User 'Alice' selected card '8' in room 'test-room' (User ID: f5491b4d-2446-4580-b9e2-c907d65d9a6c)
]]></system-out>
  <system-err><![CDATA[]]></system-err>
</testsuite>
