<?xml version="1.0" encoding="UTF-8"?>
<testsuite name="Room State Tests" tests="3" skipped="0" failures="0" errors="0" timestamp="2025-07-31T20:29:37" hostname="MACM-MNVDQRXR92" time="0.001">
  <properties/>
  <testcase name="Should return correct room state with hidden estimates" classname="com.scrumpoker.service.RoomServiceTest$RoomStateTests" time="0.0"/>
  <testcase name="Should return null for non-existent room" classname="com.scrumpoker.service.RoomServiceTest$RoomStateTests" time="0.0"/>
  <testcase name="Should return correct room state with visible estimates" classname="com.scrumpoker.service.RoomServiceTest$RoomStateTests" time="0.0"/>
  <system-out><![CDATA[2025-07-31T22:29:37.862+02:00  INFO 64935 --- [scrum-poker-backend] [    Test worker] com.scrumpoker.service.RoomService       : ]]>&#x1f4cb;<![CDATA[ New user joined with name 'Alice' in room 'test-room' (User ID: 1f9a49e3-aee5-4977-82ff-80e3b63cb39a)
2025-07-31T22:29:37.862+02:00  INFO 64935 --- [scrum-poker-backend] [    Test worker] com.scrumpoker.service.RoomService       : ]]>&#x1f3af;<![CDATA[ User 'Alice' selected card '5' in room 'test-room' (User ID: 1f9a49e3-aee5-4977-82ff-80e3b63cb39a)
2025-07-31T22:29:37.863+02:00  INFO 64935 --- [scrum-poker-backend] [    Test worker] com.scrumpoker.service.RoomService       : ]]>&#x1f4cb;<![CDATA[ New user joined with name 'Alice' in room 'test-room' (User ID: 2cca3241-16ed-4fcd-af5e-b3a28b935006)
2025-07-31T22:29:37.863+02:00  INFO 64935 --- [scrum-poker-backend] [    Test worker] com.scrumpoker.service.RoomService       : ]]>&#x1f3af;<![CDATA[ User 'Alice' selected card '5' in room 'test-room' (User ID: 2cca3241-16ed-4fcd-af5e-b3a28b935006)
2025-07-31T22:29:37.863+02:00  INFO 64935 --- [scrum-poker-backend] [    Test worker] com.scrumpoker.service.RoomService       : ]]>&#x1f441;<![CDATA[️ Show estimates triggered in room 'test-room'
]]></system-out>
  <system-err><![CDATA[]]></system-err>
</testsuite>
