<?xml version="1.0" encoding="UTF-8"?>
<testsuite name="com.scrumpoker.service.RoomServiceLoggingTest" tests="8" skipped="0" failures="0" errors="0" timestamp="2025-07-31T21:14:10" hostname="MACM-MNVDQRXR92" time="0.013">
  <properties/>
  <testcase name="should log user joining room()" classname="com.scrumpoker.service.RoomServiceLoggingTest" time="0.002"/>
  <testcase name="should log complete user journey()" classname="com.scrumpoker.service.RoomServiceLoggingTest" time="0.002"/>
  <testcase name="should log user leaving room()" classname="com.scrumpoker.service.RoomServiceLoggingTest" time="0.001"/>
  <testcase name="should log delete estimates action with user()" classname="com.scrumpoker.service.RoomServiceLoggingTest" time="0.001"/>
  <testcase name="should log user vote selection()" classname="com.scrumpoker.service.RoomServiceLoggingTest" time="0.001"/>
  <testcase name="should log show estimates action without user()" classname="com.scrumpoker.service.RoomServiceLoggingTest" time="0.001"/>
  <testcase name="should log show estimates action with user()" classname="com.scrumpoker.service.RoomServiceLoggingTest" time="0.002"/>
  <testcase name="should log room cleanup when last user leaves()" classname="com.scrumpoker.service.RoomServiceLoggingTest" time="0.002"/>
  <system-out><![CDATA[2025-07-31T23:14:10.514+02:00  INFO 81355 --- [scrum-poker-backend] [    Test worker] t.c.s.AnnotationConfigContextLoaderUtils : Could not detect default configuration classes for test class [com.scrumpoker.service.RoomServiceLoggingTest]: RoomServiceLoggingTest does not declare any static, non-private, non-final, nested classes annotated with @Configuration.
2025-07-31T23:14:10.515+02:00  INFO 81355 --- [scrum-poker-backend] [    Test worker] .b.t.c.SpringBootTestContextBootstrapper : Found @SpringBootConfiguration com.scrumpoker.ScrumPokerApplication for test class com.scrumpoker.service.RoomServiceLoggingTest
2025-07-31T23:14:10.516+02:00  INFO 81355 --- [scrum-poker-backend] [    Test worker] com.scrumpoker.service.RoomService       : ]]>&#x1f4cb;<![CDATA[ New user joined with name 'Alice' in room 'test-room' (User ID: 819e796c-c9fc-43c6-957e-581c573b8706)
2025-07-31T23:14:10.518+02:00  INFO 81355 --- [scrum-poker-backend] [    Test worker] com.scrumpoker.service.RoomService       : ]]>&#x1f4cb;<![CDATA[ New user joined with name 'Alice' in room 'journey-test' (User ID: b9a50f06-c7a5-4853-b790-e45bcc5abf45)
2025-07-31T23:14:10.519+02:00  INFO 81355 --- [scrum-poker-backend] [    Test worker] com.scrumpoker.service.RoomService       : ]]>&#x1f4cb;<![CDATA[ New user joined with name 'Bob' in room 'journey-test' (User ID: 9cc3de29-26a6-47dc-86e7-3615263ad79c)
2025-07-31T23:14:10.519+02:00  INFO 81355 --- [scrum-poker-backend] [    Test worker] com.scrumpoker.service.RoomService       : ]]>&#x1f3af;<![CDATA[ User 'Alice' selected card '3' in room 'journey-test' (User ID: b9a50f06-c7a5-4853-b790-e45bcc5abf45)
2025-07-31T23:14:10.519+02:00  INFO 81355 --- [scrum-poker-backend] [    Test worker] com.scrumpoker.service.RoomService       : ]]>&#x1f3af;<![CDATA[ User 'Bob' selected card '5' in room 'journey-test' (User ID: 9cc3de29-26a6-47dc-86e7-3615263ad79c)
2025-07-31T23:14:10.519+02:00  INFO 81355 --- [scrum-poker-backend] [    Test worker] com.scrumpoker.service.RoomService       : ]]>&#x1f441;<![CDATA[️ User 'Alice' pressed Show estimates in room 'journey-test' (User ID: b9a50f06-c7a5-4853-b790-e45bcc5abf45)
2025-07-31T23:14:10.519+02:00  INFO 81355 --- [scrum-poker-backend] [    Test worker] com.scrumpoker.service.RoomService       : ]]>&#x1f5d1;<![CDATA[️ User 'Bob' pressed Delete Estimations in room 'journey-test' (User ID: 9cc3de29-26a6-47dc-86e7-3615263ad79c)
2025-07-31T23:14:10.519+02:00  INFO 81355 --- [scrum-poker-backend] [    Test worker] com.scrumpoker.service.RoomService       : ]]>&#x1f44b;<![CDATA[ User 'Bob' left room 'journey-test' (User ID: 9cc3de29-26a6-47dc-86e7-3615263ad79c)
2025-07-31T23:14:10.519+02:00  INFO 81355 --- [scrum-poker-backend] [    Test worker] com.scrumpoker.service.RoomService       : ]]>&#x1f44b;<![CDATA[ User 'Alice' left room 'journey-test' (User ID: b9a50f06-c7a5-4853-b790-e45bcc5abf45)
2025-07-31T23:14:10.519+02:00  INFO 81355 --- [scrum-poker-backend] [    Test worker] com.scrumpoker.service.RoomService       : ]]>&#x1f9f9;<![CDATA[ Cleaning up empty room 'journey-test'
2025-07-31T23:14:10.521+02:00  INFO 81355 --- [scrum-poker-backend] [    Test worker] com.scrumpoker.service.RoomService       : ]]>&#x1f4cb;<![CDATA[ New user joined with name 'Frank' in room 'test-room' (User ID: 5d4d774a-19f4-46c0-ba4b-88e55ca3731b)
2025-07-31T23:14:10.521+02:00  INFO 81355 --- [scrum-poker-backend] [    Test worker] com.scrumpoker.service.RoomService       : ]]>&#x1f4cb;<![CDATA[ New user joined with name 'Grace' in room 'test-room' (User ID: e67b9bca-0bcc-490a-9835-db59449bdc5f)
2025-07-31T23:14:10.521+02:00  INFO 81355 --- [scrum-poker-backend] [    Test worker] com.scrumpoker.service.RoomService       : ]]>&#x1f44b;<![CDATA[ User 'Frank' left room 'test-room' (User ID: 5d4d774a-19f4-46c0-ba4b-88e55ca3731b)
2025-07-31T23:14:10.522+02:00  INFO 81355 --- [scrum-poker-backend] [    Test worker] com.scrumpoker.service.RoomService       : ]]>&#x1f4cb;<![CDATA[ New user joined with name 'Eve' in room 'test-room' (User ID: a115d910-2245-452d-9cea-97dbba5d0129)
2025-07-31T23:14:10.522+02:00  INFO 81355 --- [scrum-poker-backend] [    Test worker] com.scrumpoker.service.RoomService       : ]]>&#x1f5d1;<![CDATA[️ User 'Eve' pressed Delete Estimations in room 'test-room' (User ID: a115d910-2245-452d-9cea-97dbba5d0129)
2025-07-31T23:14:10.523+02:00  INFO 81355 --- [scrum-poker-backend] [    Test worker] com.scrumpoker.service.RoomService       : ]]>&#x1f4cb;<![CDATA[ New user joined with name 'Bob' in room 'test-room' (User ID: 3ba2268e-f2b3-4d0b-8ee1-453994b54771)
2025-07-31T23:14:10.523+02:00  INFO 81355 --- [scrum-poker-backend] [    Test worker] com.scrumpoker.service.RoomService       : ]]>&#x1f3af;<![CDATA[ User 'Bob' selected card '5' in room 'test-room' (User ID: 3ba2268e-f2b3-4d0b-8ee1-453994b54771)
2025-07-31T23:14:10.524+02:00  INFO 81355 --- [scrum-poker-backend] [    Test worker] com.scrumpoker.service.RoomService       : ]]>&#x1f4cb;<![CDATA[ New user joined with name 'Dave' in room 'test-room' (User ID: d44602ad-4350-4da6-b374-9b8a299a1778)
2025-07-31T23:14:10.524+02:00  INFO 81355 --- [scrum-poker-backend] [    Test worker] com.scrumpoker.service.RoomService       : ]]>&#x1f441;<![CDATA[️ Show estimates triggered in room 'test-room'
2025-07-31T23:14:10.525+02:00  INFO 81355 --- [scrum-poker-backend] [    Test worker] com.scrumpoker.service.RoomService       : ]]>&#x1f4cb;<![CDATA[ New user joined with name 'Charlie' in room 'test-room' (User ID: 38b926a1-1495-4c0c-aa10-6459cf5660fd)
2025-07-31T23:14:10.525+02:00  INFO 81355 --- [scrum-poker-backend] [    Test worker] com.scrumpoker.service.RoomService       : ]]>&#x1f441;<![CDATA[️ User 'Charlie' pressed Show estimates in room 'test-room' (User ID: 38b926a1-1495-4c0c-aa10-6459cf5660fd)
2025-07-31T23:14:10.528+02:00  INFO 81355 --- [scrum-poker-backend] [    Test worker] com.scrumpoker.service.RoomService       : ]]>&#x1f4cb;<![CDATA[ New user joined with name 'Grace' in room 'test-room' (User ID: 293c39bb-81d9-4326-92cb-5a73ca35d4d1)
2025-07-31T23:14:10.528+02:00  INFO 81355 --- [scrum-poker-backend] [    Test worker] com.scrumpoker.service.RoomService       : ]]>&#x1f44b;<![CDATA[ User 'Grace' left room 'test-room' (User ID: 293c39bb-81d9-4326-92cb-5a73ca35d4d1)
2025-07-31T23:14:10.528+02:00  INFO 81355 --- [scrum-poker-backend] [    Test worker] com.scrumpoker.service.RoomService       : ]]>&#x1f9f9;<![CDATA[ Cleaning up empty room 'test-room'
]]></system-out>
  <system-err><![CDATA[]]></system-err>
</testsuite>
