<?xml version="1.0" encoding="UTF-8"?>
<testsuite name="com.scrumpoker.service.RoomServiceLoggingTest" tests="8" skipped="0" failures="0" errors="0" timestamp="2025-07-31T20:29:37" hostname="MACM-MNVDQRXR92" time="0.011">
  <properties/>
  <testcase name="should log user joining room()" classname="com.scrumpoker.service.RoomServiceLoggingTest" time="0.002"/>
  <testcase name="should log complete user journey()" classname="com.scrumpoker.service.RoomServiceLoggingTest" time="0.002"/>
  <testcase name="should log user leaving room()" classname="com.scrumpoker.service.RoomServiceLoggingTest" time="0.001"/>
  <testcase name="should log delete estimates action with user()" classname="com.scrumpoker.service.RoomServiceLoggingTest" time="0.001"/>
  <testcase name="should log user vote selection()" classname="com.scrumpoker.service.RoomServiceLoggingTest" time="0.001"/>
  <testcase name="should log show estimates action without user()" classname="com.scrumpoker.service.RoomServiceLoggingTest" time="0.001"/>
  <testcase name="should log show estimates action with user()" classname="com.scrumpoker.service.RoomServiceLoggingTest" time="0.001"/>
  <testcase name="should log room cleanup when last user leaves()" classname="com.scrumpoker.service.RoomServiceLoggingTest" time="0.001"/>
  <system-out><![CDATA[2025-07-31T22:29:37.839+02:00  INFO 64935 --- [scrum-poker-backend] [    Test worker] t.c.s.AnnotationConfigContextLoaderUtils : Could not detect default configuration classes for test class [com.scrumpoker.service.RoomServiceLoggingTest]: RoomServiceLoggingTest does not declare any static, non-private, non-final, nested classes annotated with @Configuration.
2025-07-31T22:29:37.840+02:00  INFO 64935 --- [scrum-poker-backend] [    Test worker] .b.t.c.SpringBootTestContextBootstrapper : Found @SpringBootConfiguration com.scrumpoker.ScrumPokerApplication for test class com.scrumpoker.service.RoomServiceLoggingTest
2025-07-31T22:29:37.842+02:00  INFO 64935 --- [scrum-poker-backend] [    Test worker] com.scrumpoker.service.RoomService       : ]]>&#x1f4cb;<![CDATA[ New user joined with name 'Alice' in room 'test-room' (User ID: 4d7eccd2-b93e-4afd-95a1-07fd2eb16bd9)
2025-07-31T22:29:37.844+02:00  INFO 64935 --- [scrum-poker-backend] [    Test worker] com.scrumpoker.service.RoomService       : ]]>&#x1f4cb;<![CDATA[ New user joined with name 'Alice' in room 'journey-test' (User ID: f2a554d1-91f7-43d6-90a2-6fbafe370682)
2025-07-31T22:29:37.844+02:00  INFO 64935 --- [scrum-poker-backend] [    Test worker] com.scrumpoker.service.RoomService       : ]]>&#x1f4cb;<![CDATA[ New user joined with name 'Bob' in room 'journey-test' (User ID: 72d80ec7-4ec0-4350-abeb-5646935b7435)
2025-07-31T22:29:37.844+02:00  INFO 64935 --- [scrum-poker-backend] [    Test worker] com.scrumpoker.service.RoomService       : ]]>&#x1f3af;<![CDATA[ User 'Alice' selected card '3' in room 'journey-test' (User ID: f2a554d1-91f7-43d6-90a2-6fbafe370682)
2025-07-31T22:29:37.844+02:00  INFO 64935 --- [scrum-poker-backend] [    Test worker] com.scrumpoker.service.RoomService       : ]]>&#x1f3af;<![CDATA[ User 'Bob' selected card '5' in room 'journey-test' (User ID: 72d80ec7-4ec0-4350-abeb-5646935b7435)
2025-07-31T22:29:37.844+02:00  INFO 64935 --- [scrum-poker-backend] [    Test worker] com.scrumpoker.service.RoomService       : ]]>&#x1f441;<![CDATA[️ User 'Alice' pressed Show estimates in room 'journey-test' (User ID: f2a554d1-91f7-43d6-90a2-6fbafe370682)
2025-07-31T22:29:37.844+02:00  INFO 64935 --- [scrum-poker-backend] [    Test worker] com.scrumpoker.service.RoomService       : ]]>&#x1f5d1;<![CDATA[️ User 'Bob' pressed Delete Estimations in room 'journey-test' (User ID: 72d80ec7-4ec0-4350-abeb-5646935b7435)
2025-07-31T22:29:37.844+02:00  INFO 64935 --- [scrum-poker-backend] [    Test worker] com.scrumpoker.service.RoomService       : ]]>&#x1f44b;<![CDATA[ User 'Bob' left room 'journey-test' (User ID: 72d80ec7-4ec0-4350-abeb-5646935b7435)
2025-07-31T22:29:37.844+02:00  INFO 64935 --- [scrum-poker-backend] [    Test worker] com.scrumpoker.service.RoomService       : ]]>&#x1f44b;<![CDATA[ User 'Alice' left room 'journey-test' (User ID: f2a554d1-91f7-43d6-90a2-6fbafe370682)
2025-07-31T22:29:37.844+02:00  INFO 64935 --- [scrum-poker-backend] [    Test worker] com.scrumpoker.service.RoomService       : ]]>&#x1f9f9;<![CDATA[ Cleaning up empty room 'journey-test'
2025-07-31T22:29:37.846+02:00  INFO 64935 --- [scrum-poker-backend] [    Test worker] com.scrumpoker.service.RoomService       : ]]>&#x1f4cb;<![CDATA[ New user joined with name 'Frank' in room 'test-room' (User ID: ff389fd0-dce3-4e98-9fc6-558c8d8a525d)
2025-07-31T22:29:37.846+02:00  INFO 64935 --- [scrum-poker-backend] [    Test worker] com.scrumpoker.service.RoomService       : ]]>&#x1f4cb;<![CDATA[ New user joined with name 'Grace' in room 'test-room' (User ID: 4e72807d-5ac4-4a6b-bb8f-c234467e38a5)
2025-07-31T22:29:37.846+02:00  INFO 64935 --- [scrum-poker-backend] [    Test worker] com.scrumpoker.service.RoomService       : ]]>&#x1f44b;<![CDATA[ User 'Frank' left room 'test-room' (User ID: ff389fd0-dce3-4e98-9fc6-558c8d8a525d)
2025-07-31T22:29:37.847+02:00  INFO 64935 --- [scrum-poker-backend] [    Test worker] com.scrumpoker.service.RoomService       : ]]>&#x1f4cb;<![CDATA[ New user joined with name 'Eve' in room 'test-room' (User ID: 0ecf389b-dbe9-4f0f-9ac9-9fafb3ec74fd)
2025-07-31T22:29:37.847+02:00  INFO 64935 --- [scrum-poker-backend] [    Test worker] com.scrumpoker.service.RoomService       : ]]>&#x1f5d1;<![CDATA[️ User 'Eve' pressed Delete Estimations in room 'test-room' (User ID: 0ecf389b-dbe9-4f0f-9ac9-9fafb3ec74fd)
2025-07-31T22:29:37.848+02:00  INFO 64935 --- [scrum-poker-backend] [    Test worker] com.scrumpoker.service.RoomService       : ]]>&#x1f4cb;<![CDATA[ New user joined with name 'Bob' in room 'test-room' (User ID: e349986a-23b6-4073-9748-3411e52848b1)
2025-07-31T22:29:37.848+02:00  INFO 64935 --- [scrum-poker-backend] [    Test worker] com.scrumpoker.service.RoomService       : ]]>&#x1f3af;<![CDATA[ User 'Bob' selected card '5' in room 'test-room' (User ID: e349986a-23b6-4073-9748-3411e52848b1)
2025-07-31T22:29:37.849+02:00  INFO 64935 --- [scrum-poker-backend] [    Test worker] com.scrumpoker.service.RoomService       : ]]>&#x1f4cb;<![CDATA[ New user joined with name 'Dave' in room 'test-room' (User ID: df557c4b-1854-48b6-8bb7-665f2142dcf9)
2025-07-31T22:29:37.849+02:00  INFO 64935 --- [scrum-poker-backend] [    Test worker] com.scrumpoker.service.RoomService       : ]]>&#x1f441;<![CDATA[️ Show estimates triggered in room 'test-room'
2025-07-31T22:29:37.850+02:00  INFO 64935 --- [scrum-poker-backend] [    Test worker] com.scrumpoker.service.RoomService       : ]]>&#x1f4cb;<![CDATA[ New user joined with name 'Charlie' in room 'test-room' (User ID: 32ce1989-60d1-42b6-b0d5-5cea8f0458cf)
2025-07-31T22:29:37.851+02:00  INFO 64935 --- [scrum-poker-backend] [    Test worker] com.scrumpoker.service.RoomService       : ]]>&#x1f441;<![CDATA[️ User 'Charlie' pressed Show estimates in room 'test-room' (User ID: 32ce1989-60d1-42b6-b0d5-5cea8f0458cf)
2025-07-31T22:29:37.852+02:00  INFO 64935 --- [scrum-poker-backend] [    Test worker] com.scrumpoker.service.RoomService       : ]]>&#x1f4cb;<![CDATA[ New user joined with name 'Grace' in room 'test-room' (User ID: 884638d6-3007-4144-be22-483d090a3325)
2025-07-31T22:29:37.852+02:00  INFO 64935 --- [scrum-poker-backend] [    Test worker] com.scrumpoker.service.RoomService       : ]]>&#x1f44b;<![CDATA[ User 'Grace' left room 'test-room' (User ID: 884638d6-3007-4144-be22-483d090a3325)
2025-07-31T22:29:37.852+02:00  INFO 64935 --- [scrum-poker-backend] [    Test worker] com.scrumpoker.service.RoomService       : ]]>&#x1f9f9;<![CDATA[ Cleaning up empty room 'test-room'
]]></system-out>
  <system-err><![CDATA[]]></system-err>
</testsuite>
