<?xml version="1.0" encoding="UTF-8"?>
<testsuite name="User Lookup Tests" tests="4" skipped="0" failures="0" errors="0" timestamp="2025-07-31T21:14:10" hostname="MACM-MNVDQRXR92" time="0.002">
  <properties/>
  <testcase name="Should return users by room" classname="com.scrumpoker.service.RoomServiceTest$UserLookupTests" time="0.001"/>
  <testcase name="Should find user by ID" classname="com.scrumpoker.service.RoomServiceTest$UserLookupTests" time="0.0"/>
  <testcase name="Should return empty list for non-existent room" classname="com.scrumpoker.service.RoomServiceTest$UserLookupTests" time="0.0"/>
  <testcase name="Should return null for non-existent user ID" classname="com.scrumpoker.service.RoomServiceTest$UserLookupTests" time="0.001"/>
  <system-out><![CDATA[2025-07-31T23:14:10.544+02:00  INFO 81355 --- [scrum-poker-backend] [    Test worker] com.scrumpoker.service.RoomService       : ]]>&#x1f4cb;<![CDATA[ New user joined with name 'Alice' in room 'test-room' (User ID: 1e917d60-8a46-44cc-a540-c0745272d5a9)
2025-07-31T23:14:10.544+02:00  INFO 81355 --- [scrum-poker-backend] [    Test worker] com.scrumpoker.service.RoomService       : ]]>&#x1f4cb;<![CDATA[ New user joined with name 'Bob' in room 'test-room' (User ID: 3348a126-8c0b-411e-9cc4-a32447e1f70f)
2025-07-31T23:14:10.545+02:00  INFO 81355 --- [scrum-poker-backend] [    Test worker] com.scrumpoker.service.RoomService       : ]]>&#x1f4cb;<![CDATA[ New user joined with name 'Alice' in room 'test-room' (User ID: 989f7ccd-11c5-40ae-b415-208281a02d00)
]]></system-out>
  <system-err><![CDATA[]]></system-err>
</testsuite>
